<?xml version="1.0" encoding="UTF-8"?>
<!-- Generated by org.testng.reporters.JUnitXMLReporter -->
<testsuite hostname="HP" ignored="1" name="Test" tests="21" failures="1" timestamp="2020-07-06T16:56:09 IST" time="0.503" errors="0">
  <testcase name="exp" time="0.055" classname="calculator.MathFunctions"/>
  <testcase name="DivInt" time="0.057" classname="calculator.Arithmetic"/>
  <testcase name="exp" time="0.006" classname="calculator.MathFunctions"/>
  <testcase name="DivInt" time="0.006" classname="calculator.Arithmetic"/>
  <testcase name="exp" time="0.007" classname="calculator.MathFunctions"/>
  <testcase name="DivInt" time="0.021" classname="calculator.Arithmetic"/>
  <testcase name="inverse" time="0.009" classname="calculator.MathFunctions">
    <failure type="java.lang.AssertionError" message="did not expect [-5] but found [-5]">
      <![CDATA[java.lang.AssertionError: did not expect [-5] but found [-5]
at calculator.MathFunctions.inverse(MathFunctions.java:57)
at java.util.concurrent.ThreadPoolExecutor.runWorker(ThreadPoolExecutor.java:1149)
at java.util.concurrent.ThreadPoolExecutor$Worker.run(ThreadPoolExecutor.java:624)
at java.lang.Thread.run(Thread.java:748)
... Removed 15 stack frames]]>
    </failure>
  </testcase> <!-- inverse -->
  <testcase name="Multiplication" time="0.01" classname="calculator.Arithmetic"/>
  <testcase name="MultiplicationUsingAdd" time="0.012" classname="calculator.Arithmetic"/>
  <testcase name="subtract" time="0.007" classname="calculator.Arithmetic"/>
  <testcase name="subtract" time="0.004" classname="calculator.Arithmetic"/>
  <testcase name="mod" time="0.004" classname="calculator.MathFunctions"/>
  <testcase name="subtract" time="0.006" classname="calculator.Arithmetic"/>
  <testcase name="mod" time="0.006" classname="calculator.MathFunctions"/>
  <testcase name="mod" time="0.004" classname="calculator.MathFunctions"/>
  <testcase name="add" time="0.01" classname="calculator.Arithmetic"/>
  <testcase name="add" time="0.005" classname="calculator.Arithmetic"/>
  <testcase name="add" time="0.006" classname="calculator.Arithmetic"/>
  <testcase name="add" time="0.004" classname="calculator.Arithmetic"/>
  <testcase name="add" time="0.011" classname="calculator.Arithmetic"/>
  <testcase name="add" time="0.005" classname="calculator.Arithmetic"/>
  <testcase name="DivReal" time="0.0" classname="calculator.Arithmetic">
    <ignored/>
  </testcase> <!-- DivReal -->
</testsuite> <!-- Test -->
