<?xml version="1.0" encoding="UTF-8"?>
<!-- Generated by org.testng.reporters.JUnitXMLReporter -->
<testsuite hostname="HP" ignored="6" name="Test" tests="7" failures="0" timestamp="2020-06-21T21:58:59 IST" time="0.24" errors="0">
  <testcase name="subtract" time="0.046" classname="calculator.Arithmetic"/>
  <testcase name="mod" time="0.038" classname="calculator.MathFunctions"/>
  <testcase name="subtract" time="0.03" classname="calculator.Arithmetic"/>
  <testcase name="subtract" time="0.028" classname="calculator.Arithmetic"/>
  <testcase name="mod" time="0.0" classname="calculator.MathFunctions"/>
  <testcase name="Multiplication" time="0.016" classname="calculator.Arithmetic"/>
  <testcase name="mod" time="0.0" classname="calculator.MathFunctions"/>
  <testcase name="DivInt" time="0.0" classname="calculator.Arithmetic">
    <ignored/>
  </testcase> <!-- DivInt -->
  <testcase name="inverse" time="0.0" classname="calculator.MathFunctions">
    <ignored/>
  </testcase> <!-- inverse -->
  <testcase name="add" time="0.0" classname="calculator.Arithmetic">
    <ignored/>
  </testcase> <!-- add -->
  <testcase name="exp" time="0.0" classname="calculator.MathFunctions">
    <ignored/>
  </testcase> <!-- exp -->
  <testcase name="DivReal" time="0.0" classname="calculator.Arithmetic">
    <ignored/>
  </testcase> <!-- DivReal -->
  <testcase name="negate" time="0.0" classname="calculator.MathFunctions">
    <ignored/>
  </testcase> <!-- negate -->
</testsuite> <!-- Test -->
