<?xml version="1.0" encoding="UTF-8"?>
<!-- Generated by org.testng.reporters.JUnitXMLReporter -->
<testsuite hostname="HP" ignored="1" name="Test" tests="21" failures="0" timestamp="2020-07-06T17:01:44 IST" time="0.282" errors="0">
  <testcase name="DivInt" time="0.016" classname="calculator.Arithmetic"/>
  <testcase name="exp" time="0.023" classname="calculator.MathFunctions"/>
  <testcase name="DivInt" time="0.001" classname="calculator.Arithmetic"/>
  <testcase name="DivInt" time="0.0" classname="calculator.Arithmetic"/>
  <testcase name="exp" time="0.003" classname="calculator.MathFunctions"/>
  <testcase name="Multiplication" time="0.001" classname="calculator.Arithmetic"/>
  <testcase name="MultiplicationUsingAdd" time="0.003" classname="calculator.Arithmetic"/>
  <testcase name="exp" time="0.004" classname="calculator.MathFunctions"/>
  <testcase name="subtract" time="0.005" classname="calculator.Arithmetic"/>
  <testcase name="subtract" time="0.001" classname="calculator.Arithmetic"/>
  <testcase name="inverse" time="0.005" classname="calculator.MathFunctions"/>
  <testcase name="subtract" time="0.002" classname="calculator.Arithmetic"/>
  <testcase name="add" time="0.001" classname="calculator.Arithmetic"/>
  <testcase name="add" time="0.001" classname="calculator.Arithmetic"/>
  <testcase name="add" time="0.001" classname="calculator.Arithmetic"/>
  <testcase name="add" time="0.0" classname="calculator.Arithmetic"/>
  <testcase name="add" time="0.002" classname="calculator.Arithmetic"/>
  <testcase name="add" time="0.0" classname="calculator.Arithmetic"/>
  <testcase name="mod" time="0.001" classname="calculator.MathFunctions"/>
  <testcase name="mod" time="0.001" classname="calculator.MathFunctions"/>
  <testcase name="mod" time="0.001" classname="calculator.MathFunctions"/>
  <testcase name="DivReal" time="0.0" classname="calculator.Arithmetic">
    <ignored/>
  </testcase> <!-- DivReal -->
</testsuite> <!-- Test -->
