<?xml version="1.0" encoding="UTF-8"?>
<!-- Generated by org.testng.reporters.JUnitXMLReporter -->
<testsuite hostname="HP" ignored="1" name="Test" tests="19" failures="1" timestamp="2020-07-06T17:39:41 IST" time="0.693" errors="0">
  <testcase name="exp" time="0.007" classname="calculator.MathFunctions"/>
  <testcase name="subtract" time="0.007" classname="calculator.Arithmetic"/>
  <testcase name="exp" time="0.001" classname="calculator.MathFunctions"/>
  <testcase name="exp" time="0.001" classname="calculator.MathFunctions"/>
  <testcase name="subtract" time="0.015" classname="calculator.Arithmetic"/>
  <testcase name="subtract" time="0.003" classname="calculator.Arithmetic"/>
  <testcase name="DivInt" time="0.0" classname="calculator.Arithmetic"/>
  <testcase name="DivInt" time="0.0" classname="calculator.Arithmetic"/>
  <testcase name="inverse" time="0.005" classname="calculator.MathFunctions">
    <failure type="java.lang.AssertionError" message="did not expect [-5] but found [-5]">
      <![CDATA[java.lang.AssertionError: did not expect [-5] but found [-5]
at calculator.MathFunctions.inverse(MathFunctions.java:66)
at java.util.concurrent.ThreadPoolExecutor.runWorker(ThreadPoolExecutor.java:1149)
at java.util.concurrent.ThreadPoolExecutor$Worker.run(ThreadPoolExecutor.java:624)
at java.lang.Thread.run(Thread.java:748)
... Removed 15 stack frames]]>
    </failure>
  </testcase> <!-- inverse -->
  <testcase name="DivInt" time="0.003" classname="calculator.Arithmetic"/>
  <testcase name="add" time="0.001" classname="calculator.Arithmetic"/>
  <testcase name="add" time="0.001" classname="calculator.Arithmetic"/>
  <testcase name="add" time="0.0" classname="calculator.Arithmetic"/>
  <testcase name="addd" time="0.001" classname="calculator.MathFunctions"/>
  <testcase name="addd" time="0.003" classname="calculator.MathFunctions"/>
  <testcase name="addd" time="0.005" classname="calculator.MathFunctions"/>
  <testcase name="mod" time="0.002" classname="calculator.MathFunctions"/>
  <testcase name="mod" time="0.0" classname="calculator.MathFunctions"/>
  <testcase name="mod" time="0.0" classname="calculator.MathFunctions"/>
  <testcase name="DivReal" time="0.0" classname="calculator.Arithmetic">
    <ignored/>
  </testcase> <!-- DivReal -->
</testsuite> <!-- Test -->
