-------------------------------------------------------------------------------
Test set: TestSuite
-------------------------------------------------------------------------------
Tests run: 19, Failures: 1, Errors: 0, Skipped: 0, Time elapsed: 6.268 s <<< FAILURE! - in TestSuite
inverse(calculator.MathFunctions)  Time elapsed: 0.082 s  <<< FAILURE!
java.lang.AssertionError: did not expect [-5] but found [-5]
	at calculator.MathFunctions.inverse(MathFunctions.java:66)

