<?xml version="1.0" encoding="UTF-8"?>
<testng-results skipped="0" failed="1" ignored="1" total="20" passed="18">
  <reporter-output>
    <line>
      <![CDATA[Numbers multiplied successfully and The Multiplication is :15]]>
    </line>
    <line>
      <![CDATA[Numbers subtaracted successfully and The difference is : 33]]>
    </line>
    <line>
      <![CDATA[The power value is : 2.1710862763428168E13]]>
    </line>
    <line>
      <![CDATA[The power value is : 3025.6672459330484]]>
    </line>
    <line>
      <![CDATA[Numbers subtaracted successfully and The difference is : 4]]>
    </line>
    <line>
      <![CDATA[The power value is : 2.909595305722029E46]]>
    </line>
    <line>
      <![CDATA[Numbers subtaracted successfully and The difference is : 974]]>
    </line>
    <line>
      <![CDATA[Numbers divided successfully and The Integer division value is 0]]>
    </line>
    <line>
      <![CDATA[Numbers divided successfully and The Integer division value is 30]]>
    </line>
    <line>
      <![CDATA[Numbers divided successfully and The Integer division value is 1]]>
    </line>
    <line>
      <![CDATA[Numbers added successfully and The sum is : 30]]>
    </line>
    <line>
      <![CDATA[The modulus value is: 6]]>
    </line>
    <line>
      <![CDATA[Numbers added successfully and The sum is : 8]]>
    </line>
    <line>
      <![CDATA[The modulus value is: 0]]>
    </line>
    <line>
      <![CDATA[Numbers added successfully and The sum is : 100]]>
    </line>
    <line>
      <![CDATA[The modulus value is: 9]]>
    </line>
    <line>
      <![CDATA[5 is a positive number]]>
    </line>
    <line>
      <![CDATA[Entered number:3 is odd]]>
    </line>
  </reporter-output>
  <suite name="Suite" duration-ms="370" started-at="2020-07-02T08:48:28 IST" finished-at="2020-07-02T08:48:28 IST">
    <groups>
      <group name="Regression">
        <method signature="MathFunctions.exp(double, double, double)[pri:0, instance:calculator.MathFunctions@49fc609f]" name="exp" class="calculator.MathFunctions"/>
        <method signature="MathFunctions.inverse(int, java.lang.String)[pri:0, instance:calculator.MathFunctions@49fc609f]" name="inverse" class="calculator.MathFunctions"/>
        <method signature="Arithmetic.DivInt(int, int)[pri:0, instance:calculator.Arithmetic@3d99d22e]" name="DivInt" class="calculator.Arithmetic"/>
      </group> <!-- Regression -->
      <group name="smoke">
        <method signature="Arithmetic.subtract(int, int, int)[pri:0, instance:calculator.Arithmetic@3d99d22e]" name="subtract" class="calculator.Arithmetic"/>
        <method signature="Arithmetic.add(int, int, int)[pri:0, instance:calculator.Arithmetic@3d99d22e]" name="add" class="calculator.Arithmetic"/>
        <method signature="MathFunctions.mod(int, int, int)[pri:0, instance:calculator.MathFunctions@49fc609f]" name="mod" class="calculator.MathFunctions"/>
      </group> <!-- smoke -->
    </groups>
    <test name="Test" duration-ms="370" started-at="2020-07-02T08:48:28 IST" finished-at="2020-07-02T08:48:28 IST">
      <class name="calculator.Arithmetic">
        <test-method status="PASS" signature="Multiplication(int, int)[pri:0, instance:calculator.Arithmetic@3d99d22e]" name="Multiplication" is-config="true" duration-ms="53" started-at="2020-07-02T08:48:28 IST" finished-at="2020-07-02T08:48:28 IST">
          <params>
            <param index="0">
              <value>
                <![CDATA[5]]>
              </value>
            </param>
            <param index="1">
              <value>
                <![CDATA[3]]>
              </value>
            </param>
          </params>
          <reporter-output>
            <line>
              <![CDATA[Numbers multiplied successfully and The Multiplication is :15]]>
            </line>
          </reporter-output>
        </test-method> <!-- Multiplication -->
        <test-method status="PASS" signature="subtract(int, int, int)[pri:0, instance:calculator.Arithmetic@3d99d22e]" name="subtract" duration-ms="32" started-at="2020-07-02T08:48:28 IST" data-provider="dataManager" finished-at="2020-07-02T08:48:28 IST">
          <params>
            <param index="0">
              <value>
                <![CDATA[67]]>
              </value>
            </param>
            <param index="1">
              <value>
                <![CDATA[34]]>
              </value>
            </param>
            <param index="2">
              <value>
                <![CDATA[33]]>
              </value>
            </param>
          </params>
          <reporter-output>
            <line>
              <![CDATA[Numbers subtaracted successfully and The difference is : 33]]>
            </line>
          </reporter-output>
        </test-method> <!-- subtract -->
        <test-method status="PASS" signature="subtract(int, int, int)[pri:0, instance:calculator.Arithmetic@3d99d22e]" name="subtract" duration-ms="0" started-at="2020-07-02T08:48:28 IST" data-provider="dataManager" finished-at="2020-07-02T08:48:28 IST">
          <params>
            <param index="0">
              <value>
                <![CDATA[6]]>
              </value>
            </param>
            <param index="1">
              <value>
                <![CDATA[2]]>
              </value>
            </param>
            <param index="2">
              <value>
                <![CDATA[4]]>
              </value>
            </param>
          </params>
          <reporter-output>
            <line>
              <![CDATA[Numbers subtaracted successfully and The difference is : 4]]>
            </line>
          </reporter-output>
        </test-method> <!-- subtract -->
        <test-method status="PASS" signature="subtract(int, int, int)[pri:0, instance:calculator.Arithmetic@3d99d22e]" name="subtract" duration-ms="0" started-at="2020-07-02T08:48:28 IST" data-provider="dataManager" finished-at="2020-07-02T08:48:28 IST">
          <params>
            <param index="0">
              <value>
                <![CDATA[997]]>
              </value>
            </param>
            <param index="1">
              <value>
                <![CDATA[23]]>
              </value>
            </param>
            <param index="2">
              <value>
                <![CDATA[974]]>
              </value>
            </param>
          </params>
          <reporter-output>
            <line>
              <![CDATA[Numbers subtaracted successfully and The difference is : 974]]>
            </line>
          </reporter-output>
        </test-method> <!-- subtract -->
        <test-method status="PASS" signature="DivInt(int, int)[pri:0, instance:calculator.Arithmetic@3d99d22e]" name="DivInt" duration-ms="6" started-at="2020-07-02T08:48:28 IST" data-provider="intData" finished-at="2020-07-02T08:48:28 IST">
          <params>
            <param index="0">
              <value>
                <![CDATA[10]]>
              </value>
            </param>
            <param index="1">
              <value>
                <![CDATA[20]]>
              </value>
            </param>
          </params>
          <reporter-output>
            <line>
              <![CDATA[Numbers divided successfully and The Integer division value is 0]]>
            </line>
          </reporter-output>
        </test-method> <!-- DivInt -->
        <test-method status="PASS" signature="DivInt(int, int)[pri:0, instance:calculator.Arithmetic@3d99d22e]" name="DivInt" duration-ms="31" started-at="2020-07-02T08:48:28 IST" data-provider="intData" finished-at="2020-07-02T08:48:28 IST">
          <params>
            <param index="0">
              <value>
                <![CDATA[60]]>
              </value>
            </param>
            <param index="1">
              <value>
                <![CDATA[2]]>
              </value>
            </param>
          </params>
          <reporter-output>
            <line>
              <![CDATA[Numbers divided successfully and The Integer division value is 30]]>
            </line>
          </reporter-output>
        </test-method> <!-- DivInt -->
        <test-method status="PASS" signature="DivInt(int, int)[pri:0, instance:calculator.Arithmetic@3d99d22e]" name="DivInt" duration-ms="0" started-at="2020-07-02T08:48:28 IST" data-provider="intData" finished-at="2020-07-02T08:48:28 IST">
          <params>
            <param index="0">
              <value>
                <![CDATA[50]]>
              </value>
            </param>
            <param index="1">
              <value>
                <![CDATA[30]]>
              </value>
            </param>
          </params>
          <reporter-output>
            <line>
              <![CDATA[Numbers divided successfully and The Integer division value is 1]]>
            </line>
          </reporter-output>
        </test-method> <!-- DivInt -->
        <test-method status="PASS" signature="add(int, int, int)[pri:0, instance:calculator.Arithmetic@3d99d22e]" name="add" duration-ms="0" started-at="2020-07-02T08:48:28 IST" data-provider="testData" depends-on-methods="calculator.Arithmetic.subtract" finished-at="2020-07-02T08:48:28 IST">
          <params>
            <param index="0">
              <value>
                <![CDATA[10]]>
              </value>
            </param>
            <param index="1">
              <value>
                <![CDATA[20]]>
              </value>
            </param>
            <param index="2">
              <value>
                <![CDATA[30]]>
              </value>
            </param>
          </params>
          <reporter-output>
            <line>
              <![CDATA[Numbers added successfully and The sum is : 30]]>
            </line>
          </reporter-output>
        </test-method> <!-- add -->
        <test-method status="PASS" signature="add(int, int, int)[pri:0, instance:calculator.Arithmetic@3d99d22e]" name="add" duration-ms="0" started-at="2020-07-02T08:48:28 IST" data-provider="testData" depends-on-methods="calculator.Arithmetic.subtract" finished-at="2020-07-02T08:48:28 IST">
          <params>
            <param index="0">
              <value>
                <![CDATA[99]]>
              </value>
            </param>
            <param index="1">
              <value>
                <![CDATA[1]]>
              </value>
            </param>
            <param index="2">
              <value>
                <![CDATA[100]]>
              </value>
            </param>
          </params>
          <reporter-output>
            <line>
              <![CDATA[Numbers added successfully and The sum is : 100]]>
            </line>
          </reporter-output>
        </test-method> <!-- add -->
        <test-method status="PASS" signature="add(int, int, int)[pri:0, instance:calculator.Arithmetic@3d99d22e]" name="add" duration-ms="0" started-at="2020-07-02T08:48:28 IST" data-provider="testData" depends-on-methods="calculator.Arithmetic.subtract" finished-at="2020-07-02T08:48:28 IST">
          <params>
            <param index="0">
              <value>
                <![CDATA[6]]>
              </value>
            </param>
            <param index="1">
              <value>
                <![CDATA[2]]>
              </value>
            </param>
            <param index="2">
              <value>
                <![CDATA[8]]>
              </value>
            </param>
          </params>
          <reporter-output>
            <line>
              <![CDATA[Numbers added successfully and The sum is : 8]]>
            </line>
          </reporter-output>
        </test-method> <!-- add -->
      </class> <!-- calculator.Arithmetic -->
      <class name="calculator.MathFunctions">
        <test-method status="PASS" signature="exp(double, double, double)[pri:0, instance:calculator.MathFunctions@49fc609f]" name="exp" duration-ms="32" started-at="2020-07-02T08:48:28 IST" data-provider="Doubledata" finished-at="2020-07-02T08:48:28 IST">
          <params>
            <param index="0">
              <value>
                <![CDATA[30.56]]>
              </value>
            </param>
            <param index="1">
              <value>
                <![CDATA[8.98]]>
              </value>
            </param>
            <param index="2">
              <value>
                <![CDATA[2.1710862763428168E13]]>
              </value>
            </param>
          </params>
          <reporter-output>
            <line>
              <![CDATA[The power value is : 2.1710862763428168E13]]>
            </line>
          </reporter-output>
        </test-method> <!-- exp -->
        <test-method status="PASS" signature="exp(double, double, double)[pri:0, instance:calculator.MathFunctions@49fc609f]" name="exp" duration-ms="0" started-at="2020-07-02T08:48:28 IST" data-provider="Doubledata" finished-at="2020-07-02T08:48:28 IST">
          <params>
            <param index="0">
              <value>
                <![CDATA[45.45]]>
              </value>
            </param>
            <param index="1">
              <value>
                <![CDATA[2.1]]>
              </value>
            </param>
            <param index="2">
              <value>
                <![CDATA[3025.6672459330484]]>
              </value>
            </param>
          </params>
          <reporter-output>
            <line>
              <![CDATA[The power value is : 3025.6672459330484]]>
            </line>
          </reporter-output>
        </test-method> <!-- exp -->
        <test-method status="PASS" signature="exp(double, double, double)[pri:0, instance:calculator.MathFunctions@49fc609f]" name="exp" duration-ms="0" started-at="2020-07-02T08:48:28 IST" data-provider="Doubledata" finished-at="2020-07-02T08:48:28 IST">
          <params>
            <param index="0">
              <value>
                <![CDATA[97.89]]>
              </value>
            </param>
            <param index="1">
              <value>
                <![CDATA[23.34]]>
              </value>
            </param>
            <param index="2">
              <value>
                <![CDATA[2.909595305722029E46]]>
              </value>
            </param>
          </params>
          <reporter-output>
            <line>
              <![CDATA[The power value is : 2.909595305722029E46]]>
            </line>
          </reporter-output>
        </test-method> <!-- exp -->
        <test-method status="FAIL" signature="inverse(int, java.lang.String)[pri:0, instance:calculator.MathFunctions@49fc609f]" name="inverse" duration-ms="6" started-at="2020-07-02T08:48:28 IST" finished-at="2020-07-02T08:48:28 IST">
          <params>
            <param index="0">
              <value>
                <![CDATA[5]]>
              </value>
            </param>
            <param index="1">
              <value>
                <![CDATA[negate]]>
              </value>
            </param>
          </params>
          <exception class="java.lang.AssertionError">
            <message>
              <![CDATA[did not expect [-5] but found [-5]]]>
            </message>
            <full-stacktrace>
              <![CDATA[java.lang.AssertionError: did not expect [-5] but found [-5]
at org.testng.Assert.fail(Assert.java:97)
at org.testng.Assert.assertNotEquals(Assert.java:1399)
at org.testng.Assert.assertNotEquals(Assert.java:1404)
at calculator.MathFunctions.inverse(MathFunctions.java:66)
at sun.reflect.NativeMethodAccessorImpl.invoke0(Native Method)
at sun.reflect.NativeMethodAccessorImpl.invoke(Unknown Source)
at sun.reflect.DelegatingMethodAccessorImpl.invoke(Unknown Source)
at java.lang.reflect.Method.invoke(Unknown Source)
at org.testng.internal.MethodInvocationHelper.invokeMethod(MethodInvocationHelper.java:134)
at org.testng.internal.TestInvoker.invokeMethod(TestInvoker.java:597)
at org.testng.internal.TestInvoker.invokeTestMethod(TestInvoker.java:173)
at org.testng.internal.MethodRunner.runInSequence(MethodRunner.java:46)
at org.testng.internal.TestInvoker$MethodInvocationAgent.invoke(TestInvoker.java:816)
at org.testng.internal.TestInvoker.invokeTestMethods(TestInvoker.java:146)
at org.testng.internal.TestMethodWorker.invokeTestMethods(TestMethodWorker.java:146)
at org.testng.internal.TestMethodWorker.run(TestMethodWorker.java:128)
at java.util.concurrent.ThreadPoolExecutor.runWorker(Unknown Source)
at java.util.concurrent.ThreadPoolExecutor$Worker.run(Unknown Source)
at java.lang.Thread.run(Unknown Source)
]]>
            </full-stacktrace>
          </exception> <!-- java.lang.AssertionError -->
          <reporter-output>
          </reporter-output>
        </test-method> <!-- inverse -->
        <test-method status="PASS" signature="addd(int, int, int)[pri:0, instance:calculator.MathFunctions@49fc609f]" name="addd" duration-ms="15" started-at="2020-07-02T08:48:28 IST" data-provider="IntegerData" finished-at="2020-07-02T08:48:28 IST">
          <params>
            <param index="0">
              <value>
                <![CDATA[6]]>
              </value>
            </param>
            <param index="1">
              <value>
                <![CDATA[34]]>
              </value>
            </param>
            <param index="2">
              <value>
                <![CDATA[6]]>
              </value>
            </param>
          </params>
          <reporter-output>
          </reporter-output>
        </test-method> <!-- addd -->
        <test-method status="PASS" signature="addd(int, int, int)[pri:0, instance:calculator.MathFunctions@49fc609f]" name="addd" duration-ms="16" started-at="2020-07-02T08:48:28 IST" data-provider="IntegerData" finished-at="2020-07-02T08:48:28 IST">
          <params>
            <param index="0">
              <value>
                <![CDATA[70]]>
              </value>
            </param>
            <param index="1">
              <value>
                <![CDATA[2]]>
              </value>
            </param>
            <param index="2">
              <value>
                <![CDATA[0]]>
              </value>
            </param>
          </params>
          <reporter-output>
          </reporter-output>
        </test-method> <!-- addd -->
        <test-method status="PASS" signature="addd(int, int, int)[pri:0, instance:calculator.MathFunctions@49fc609f]" name="addd" duration-ms="0" started-at="2020-07-02T08:48:28 IST" data-provider="IntegerData" finished-at="2020-07-02T08:48:28 IST">
          <params>
            <param index="0">
              <value>
                <![CDATA[9]]>
              </value>
            </param>
            <param index="1">
              <value>
                <![CDATA[23]]>
              </value>
            </param>
            <param index="2">
              <value>
                <![CDATA[9]]>
              </value>
            </param>
          </params>
          <reporter-output>
          </reporter-output>
        </test-method> <!-- addd -->
        <test-method status="PASS" signature="mod(int, int, int)[pri:0, instance:calculator.MathFunctions@49fc609f]" name="mod" duration-ms="16" started-at="2020-07-02T08:48:28 IST" data-provider="IntegerData" depends-on-methods="calculator.MathFunctions.exp" finished-at="2020-07-02T08:48:28 IST">
          <params>
            <param index="0">
              <value>
                <![CDATA[6]]>
              </value>
            </param>
            <param index="1">
              <value>
                <![CDATA[34]]>
              </value>
            </param>
            <param index="2">
              <value>
                <![CDATA[6]]>
              </value>
            </param>
          </params>
          <reporter-output>
            <line>
              <![CDATA[The modulus value is: 6]]>
            </line>
          </reporter-output>
        </test-method> <!-- mod -->
        <test-method status="PASS" signature="mod(int, int, int)[pri:0, instance:calculator.MathFunctions@49fc609f]" name="mod" duration-ms="16" started-at="2020-07-02T08:48:28 IST" data-provider="IntegerData" depends-on-methods="calculator.MathFunctions.exp" finished-at="2020-07-02T08:48:28 IST">
          <params>
            <param index="0">
              <value>
                <![CDATA[9]]>
              </value>
            </param>
            <param index="1">
              <value>
                <![CDATA[23]]>
              </value>
            </param>
            <param index="2">
              <value>
                <![CDATA[9]]>
              </value>
            </param>
          </params>
          <reporter-output>
            <line>
              <![CDATA[The modulus value is: 9]]>
            </line>
          </reporter-output>
        </test-method> <!-- mod -->
        <test-method status="PASS" signature="mod(int, int, int)[pri:0, instance:calculator.MathFunctions@49fc609f]" name="mod" duration-ms="0" started-at="2020-07-02T08:48:28 IST" data-provider="IntegerData" depends-on-methods="calculator.MathFunctions.exp" finished-at="2020-07-02T08:48:28 IST">
          <params>
            <param index="0">
              <value>
                <![CDATA[70]]>
              </value>
            </param>
            <param index="1">
              <value>
                <![CDATA[2]]>
              </value>
            </param>
            <param index="2">
              <value>
                <![CDATA[0]]>
              </value>
            </param>
          </params>
          <reporter-output>
            <line>
              <![CDATA[The modulus value is: 0]]>
            </line>
          </reporter-output>
        </test-method> <!-- mod -->
        <test-method status="PASS" signature="positiveOrNegative(int)[pri:0, instance:calculator.MathFunctions@49fc609f]" name="positiveOrNegative" is-config="true" duration-ms="0" started-at="2020-07-02T08:48:28 IST" finished-at="2020-07-02T08:48:28 IST">
          <params>
            <param index="0">
              <value>
                <![CDATA[5]]>
              </value>
            </param>
          </params>
          <reporter-output>
            <line>
              <![CDATA[5 is a positive number]]>
            </line>
          </reporter-output>
        </test-method> <!-- positiveOrNegative -->
        <test-method status="PASS" signature="OddorEven(int)[pri:0, instance:calculator.MathFunctions@49fc609f]" name="OddorEven" is-config="true" duration-ms="16" started-at="2020-07-02T08:48:28 IST" finished-at="2020-07-02T08:48:28 IST">
          <params>
            <param index="0">
              <value>
                <![CDATA[3]]>
              </value>
            </param>
          </params>
          <reporter-output>
            <line>
              <![CDATA[Entered number:3 is odd]]>
            </line>
          </reporter-output>
        </test-method> <!-- OddorEven -->
      </class> <!-- calculator.MathFunctions -->
    </test> <!-- Test -->
  </suite> <!-- Suite -->
</testng-results>
